<?xml version="1.0" encoding="UTF-8"?>
<coverage generated="1706898231393" clover="3.2.0">
  <project timestamp="1706898231393" name="All files">
    <metrics statements="27" coveredstatements="23" conditionals="7" coveredconditionals="6" methods="3" coveredmethods="3" elements="37" coveredelements="32" complexity="0" loc="27" ncloc="27" packages="1" files="1" classes="1"/>
    <file name="task.js" path="/home/mdmath15/me/testes-automatizados/modulo02-conceitos/05-fake-timers/src/task.js">
      <metrics statements="27" coveredstatements="23" conditionals="7" coveredconditionals="6" methods="3" coveredmethods="3"/>
      <line num="1" count="1" type="cond" truecount="1" falsecount="0"/>
      <line num="2" count="1" type="stmt"/>
      <line num="3" count="1" type="stmt"/>
      <line num="4" count="1" type="cond" truecount="1" falsecount="0"/>
      <line num="5" count="2" type="stmt"/>
      <line num="6" count="2" type="stmt"/>
      <line num="7" count="2" type="stmt"/>
      <line num="8" count="1" type="stmt"/>
      <line num="9" count="1" type="cond" truecount="1" falsecount="0"/>
      <line num="10" count="1" type="cond" truecount="1" falsecount="0"/>
      <line num="11" count="50" type="stmt"/>
      <line num="12" count="50" type="stmt"/>
      <line num="13" count="50" type="cond" truecount="0" falsecount="1"/>
      <line num="14" count="0" type="stmt"/>
      <line num="15" count="0" type="stmt"/>
      <line num="16" count="0" type="stmt"/>
      <line num="17" count="0" type="stmt"/>
      <line num="18" count="50" type="stmt"/>
      <line num="19" count="50" type="cond" truecount="1" falsecount="0"/>
      <line num="20" count="75" type="cond" truecount="1" falsecount="0"/>
      <line num="21" count="2" type="stmt"/>
      <line num="22" count="2" type="stmt"/>
      <line num="23" count="2" type="stmt"/>
      <line num="24" count="75" type="stmt"/>
      <line num="25" count="1" type="stmt"/>
      <line num="26" count="1" type="stmt"/>
      <line num="27" count="1" type="stmt"/>
    </file>
  </project>
</coverage>
