{"/home/mdmath15/me/testes-automatizados/modulo02-conceitos/06-e2e-tests/src/index.js": {"path":"/home/mdmath15/me/testes-automatizados/modulo02-conceitos/06-e2e-tests/src/index.js","all":false,"statementMap":{"0":{"start":{"line":1,"column":0},"end":{"line":1,"column":33}},"1":{"start":{"line":2,"column":0},"end":{"line":2,"column":0}},"2":{"start":{"line":3,"column":0},"end":{"line":3,"column":37}},"3":{"start":{"line":4,"column":0},"end":{"line":4,"column":43}},"4":{"start":{"line":5,"column":0},"end":{"line":5,"column":43}},"5":{"start":{"line":6,"column":0},"end":{"line":6,"column":84}},"6":{"start":{"line":7,"column":0},"end":{"line":7,"column":6}},"7":{"start":{"line":8,"column":0},"end":{"line":8,"column":1}},"8":{"start":{"line":9,"column":0},"end":{"line":9,"column":0}},"9":{"start":{"line":10,"column":0},"end":{"line":10,"column":21}},"10":{"start":{"line":11,"column":0},"end":{"line":11,"column":0}},"11":{"start":{"line":12,"column":0},"end":{"line":12,"column":2}},"12":{"start":{"line":13,"column":0},"end":{"line":13,"column":10}},"13":{"start":{"line":14,"column":0},"end":{"line":14,"column":8}},"14":{"start":{"line":15,"column":0},"end":{"line":15,"column":13}},"15":{"start":{"line":16,"column":0},"end":{"line":16,"column":41}},"16":{"start":{"line":17,"column":0},"end":{"line":17,"column":9}},"17":{"start":{"line":18,"column":0},"end":{"line":18,"column":32}},"18":{"start":{"line":19,"column":0},"end":{"line":19,"column":31}},"19":{"start":{"line":20,"column":0},"end":{"line":20,"column":8}},"20":{"start":{"line":21,"column":0},"end":{"line":21,"column":33}},"21":{"start":{"line":22,"column":0},"end":{"line":22,"column":0}},"22":{"start":{"line":23,"column":0},"end":{"line":23,"column":2}}},"s":{"0":1,"1":1,"2":1,"3":1,"4":1,"5":1,"6":1,"7":1,"8":1,"9":1,"10":1,"11":1,"12":1,"13":1,"14":1,"15":1,"16":1,"17":1,"18":1,"19":1,"20":1,"21":1,"22":1},"branchMap":{"0":{"type":"branch","line":4,"loc":{"start":{"line":4,"column":36},"end":{"line":7,"column":5}},"locations":[{"start":{"line":4,"column":36},"end":{"line":7,"column":5}}]}},"b":{"0":[1]},"fnMap":{},"f":{}}
,"/home/mdmath15/me/testes-automatizados/modulo02-conceitos/06-e2e-tests/src/person.js": {"path":"/home/mdmath15/me/testes-automatizados/modulo02-conceitos/06-e2e-tests/src/person.js","all":false,"statementMap":{"0":{"start":{"line":1,"column":0},"end":{"line":1,"column":14}},"1":{"start":{"line":2,"column":0},"end":{"line":2,"column":0}},"2":{"start":{"line":3,"column":0},"end":{"line":3,"column":29}},"3":{"start":{"line":4,"column":0},"end":{"line":4,"column":61}},"4":{"start":{"line":5,"column":0},"end":{"line":5,"column":59}},"5":{"start":{"line":6,"column":0},"end":{"line":6,"column":19}},"6":{"start":{"line":7,"column":0},"end":{"line":7,"column":5}},"7":{"start":{"line":8,"column":0},"end":{"line":8,"column":0}},"8":{"start":{"line":9,"column":0},"end":{"line":9,"column":27}},"9":{"start":{"line":10,"column":0},"end":{"line":10,"column":58}},"10":{"start":{"line":11,"column":0},"end":{"line":11,"column":0}},"11":{"start":{"line":12,"column":0},"end":{"line":12,"column":16}},"12":{"start":{"line":13,"column":0},"end":{"line":13,"column":47}},"13":{"start":{"line":14,"column":0},"end":{"line":14,"column":17}},"14":{"start":{"line":15,"column":0},"end":{"line":15,"column":40}},"15":{"start":{"line":16,"column":0},"end":{"line":16,"column":9}},"16":{"start":{"line":17,"column":0},"end":{"line":17,"column":5}},"17":{"start":{"line":18,"column":0},"end":{"line":18,"column":0}},"18":{"start":{"line":19,"column":0},"end":{"line":19,"column":25}},"19":{"start":{"line":20,"column":0},"end":{"line":20,"column":70}},"20":{"start":{"line":21,"column":0},"end":{"line":21,"column":84}},"21":{"start":{"line":22,"column":0},"end":{"line":22,"column":9}},"22":{"start":{"line":23,"column":0},"end":{"line":23,"column":0}},"23":{"start":{"line":24,"column":0},"end":{"line":24,"column":44}},"24":{"start":{"line":25,"column":0},"end":{"line":25,"column":5}},"25":{"start":{"line":26,"column":0},"end":{"line":26,"column":0}},"26":{"start":{"line":27,"column":0},"end":{"line":27,"column":28}},"27":{"start":{"line":28,"column":0},"end":{"line":28,"column":29}},"28":{"start":{"line":29,"column":0},"end":{"line":29,"column":51}},"29":{"start":{"line":30,"column":0},"end":{"line":30,"column":34}},"30":{"start":{"line":31,"column":0},"end":{"line":31,"column":7}},"31":{"start":{"line":32,"column":0},"end":{"line":32,"column":19}},"32":{"start":{"line":33,"column":0},"end":{"line":33,"column":5}},"33":{"start":{"line":34,"column":0},"end":{"line":34,"column":1}},"34":{"start":{"line":35,"column":0},"end":{"line":35,"column":0}},"35":{"start":{"line":36,"column":0},"end":{"line":36,"column":16}},"36":{"start":{"line":37,"column":0},"end":{"line":37,"column":28}},"37":{"start":{"line":38,"column":0},"end":{"line":38,"column":25}},"38":{"start":{"line":39,"column":0},"end":{"line":39,"column":2}},"39":{"start":{"line":40,"column":0},"end":{"line":40,"column":0}},"40":{"start":{"line":41,"column":0},"end":{"line":41,"column":22}}},"s":{"0":1,"1":1,"2":1,"3":5,"4":5,"5":3,"6":3,"7":1,"8":1,"9":3,"10":3,"11":3,"12":3,"13":3,"14":3,"15":3,"16":3,"17":1,"18":1,"19":3,"20":1,"21":1,"22":2,"23":2,"24":2,"25":1,"26":1,"27":5,"28":5,"29":5,"30":5,"31":5,"32":5,"33":1,"34":1,"35":1,"36":1,"37":1,"38":1,"39":1,"40":1},"branchMap":{"0":{"type":"branch","line":3,"loc":{"start":{"line":3,"column":11},"end":{"line":7,"column":5}},"locations":[{"start":{"line":3,"column":11},"end":{"line":7,"column":5}}]},"1":{"type":"branch","line":4,"loc":{"start":{"line":4,"column":26},"end":{"line":4,"column":61}},"locations":[{"start":{"line":4,"column":26},"end":{"line":4,"column":61}}]},"2":{"type":"branch","line":5,"loc":{"start":{"line":5,"column":-1},"end":{"line":5,"column":25}},"locations":[{"start":{"line":5,"column":-1},"end":{"line":5,"column":25}}]},"3":{"type":"branch","line":5,"loc":{"start":{"line":5,"column":25},"end":{"line":5,"column":59}},"locations":[{"start":{"line":5,"column":25},"end":{"line":5,"column":59}}]},"4":{"type":"branch","line":6,"loc":{"start":{"line":6,"column":-1},"end":{"line":7,"column":5}},"locations":[{"start":{"line":6,"column":-1},"end":{"line":7,"column":5}}]},"5":{"type":"branch","line":9,"loc":{"start":{"line":9,"column":11},"end":{"line":17,"column":5}},"locations":[{"start":{"line":9,"column":11},"end":{"line":17,"column":5}}]},"6":{"type":"branch","line":19,"loc":{"start":{"line":19,"column":11},"end":{"line":25,"column":5}},"locations":[{"start":{"line":19,"column":11},"end":{"line":25,"column":5}}]},"7":{"type":"branch","line":20,"loc":{"start":{"line":20,"column":69},"end":{"line":22,"column":9}},"locations":[{"start":{"line":20,"column":69},"end":{"line":22,"column":9}}]},"8":{"type":"branch","line":22,"loc":{"start":{"line":22,"column":8},"end":{"line":25,"column":5}},"locations":[{"start":{"line":22,"column":8},"end":{"line":25,"column":5}}]},"9":{"type":"branch","line":20,"loc":{"start":{"line":20,"column":46},"end":{"line":20,"column":66}},"locations":[{"start":{"line":20,"column":46},"end":{"line":20,"column":66}}]},"10":{"type":"branch","line":27,"loc":{"start":{"line":27,"column":11},"end":{"line":33,"column":5}},"locations":[{"start":{"line":27,"column":11},"end":{"line":33,"column":5}}]}},"b":{"0":[5],"1":[1],"2":[4],"3":[1],"4":[3],"5":[3],"6":[3],"7":[1],"8":[2],"9":[9],"10":[5]},"fnMap":{"0":{"name":"validate","decl":{"start":{"line":3,"column":11},"end":{"line":7,"column":5}},"loc":{"start":{"line":3,"column":11},"end":{"line":7,"column":5}},"line":3},"1":{"name":"format","decl":{"start":{"line":9,"column":11},"end":{"line":17,"column":5}},"loc":{"start":{"line":9,"column":11},"end":{"line":17,"column":5}},"line":9},"2":{"name":"save","decl":{"start":{"line":19,"column":11},"end":{"line":25,"column":5}},"loc":{"start":{"line":19,"column":11},"end":{"line":25,"column":5}},"line":19},"3":{"name":"process","decl":{"start":{"line":27,"column":11},"end":{"line":33,"column":5}},"loc":{"start":{"line":27,"column":11},"end":{"line":33,"column":5}},"line":27}},"f":{"0":5,"1":3,"2":3,"3":5}}
,"/home/mdmath15/me/testes-automatizados/modulo02-conceitos/06-e2e-tests/src/server.js": {"path":"/home/mdmath15/me/testes-automatizados/modulo02-conceitos/06-e2e-tests/src/server.js","all":false,"statementMap":{"0":{"start":{"line":1,"column":0},"end":{"line":1,"column":40}},"1":{"start":{"line":2,"column":0},"end":{"line":2,"column":34}},"2":{"start":{"line":3,"column":0},"end":{"line":3,"column":32}},"3":{"start":{"line":4,"column":0},"end":{"line":4,"column":0}},"4":{"start":{"line":5,"column":0},"end":{"line":5,"column":58}},"5":{"start":{"line":6,"column":0},"end":{"line":6,"column":66}},"6":{"start":{"line":7,"column":0},"end":{"line":7,"column":31}},"7":{"start":{"line":8,"column":0},"end":{"line":8,"column":22}},"8":{"start":{"line":9,"column":0},"end":{"line":9,"column":15}},"9":{"start":{"line":10,"column":0},"end":{"line":10,"column":5}},"10":{"start":{"line":11,"column":0},"end":{"line":11,"column":0}},"11":{"start":{"line":12,"column":0},"end":{"line":12,"column":9}},"12":{"start":{"line":13,"column":0},"end":{"line":13,"column":61}},"13":{"start":{"line":14,"column":0},"end":{"line":14,"column":55}},"14":{"start":{"line":15,"column":0},"end":{"line":15,"column":55}},"15":{"start":{"line":16,"column":0},"end":{"line":16,"column":0}},"16":{"start":{"line":17,"column":0},"end":{"line":17,"column":21}},"17":{"start":{"line":18,"column":0},"end":{"line":18,"column":48}},"18":{"start":{"line":19,"column":0},"end":{"line":19,"column":35}},"19":{"start":{"line":20,"column":0},"end":{"line":20,"column":27}},"20":{"start":{"line":21,"column":0},"end":{"line":21,"column":32}},"21":{"start":{"line":22,"column":0},"end":{"line":22,"column":50}},"22":{"start":{"line":23,"column":0},"end":{"line":23,"column":18}},"23":{"start":{"line":24,"column":0},"end":{"line":24,"column":13}},"24":{"start":{"line":25,"column":0},"end":{"line":25,"column":26}},"25":{"start":{"line":26,"column":0},"end":{"line":26,"column":19}},"26":{"start":{"line":27,"column":0},"end":{"line":27,"column":9}},"27":{"start":{"line":28,"column":0},"end":{"line":28,"column":0}},"28":{"start":{"line":29,"column":0},"end":{"line":29,"column":66}},"29":{"start":{"line":30,"column":0},"end":{"line":30,"column":35}},"30":{"start":{"line":31,"column":0},"end":{"line":31,"column":27}},"31":{"start":{"line":32,"column":0},"end":{"line":32,"column":32}},"32":{"start":{"line":33,"column":0},"end":{"line":33,"column":50}},"33":{"start":{"line":34,"column":0},"end":{"line":34,"column":18}},"34":{"start":{"line":35,"column":0},"end":{"line":35,"column":13}},"35":{"start":{"line":36,"column":0},"end":{"line":36,"column":26}},"36":{"start":{"line":37,"column":0},"end":{"line":37,"column":19}},"37":{"start":{"line":38,"column":0},"end":{"line":38,"column":9}},"38":{"start":{"line":39,"column":0},"end":{"line":39,"column":0}},"39":{"start":{"line":40,"column":0},"end":{"line":40,"column":40}},"40":{"start":{"line":41,"column":0},"end":{"line":41,"column":31}},"41":{"start":{"line":42,"column":0},"end":{"line":42,"column":22}},"42":{"start":{"line":43,"column":0},"end":{"line":43,"column":5}},"43":{"start":{"line":44,"column":0},"end":{"line":44,"column":0}},"44":{"start":{"line":45,"column":0},"end":{"line":45,"column":2}},"45":{"start":{"line":46,"column":0},"end":{"line":46,"column":0}},"46":{"start":{"line":47,"column":0},"end":{"line":47,"column":21}}},"s":{"0":1,"1":1,"2":1,"3":1,"4":1,"5":6,"6":1,"7":1,"8":1,"9":1,"10":5,"11":5,"12":5,"13":5,"14":5,"15":5,"16":6,"17":4,"18":2,"19":2,"20":2,"21":2,"22":2,"23":2,"24":2,"25":2,"26":2,"27":2,"28":4,"29":1,"30":1,"31":1,"32":1,"33":1,"34":1,"35":1,"36":1,"37":1,"38":1,"39":1,"40":1,"41":1,"42":1,"43":6,"44":6,"45":1,"46":1},"branchMap":{"0":{"type":"branch","line":5,"loc":{"start":{"line":5,"column":28},"end":{"line":45,"column":2}},"locations":[{"start":{"line":5,"column":28},"end":{"line":45,"column":2}}]},"1":{"type":"branch","line":6,"loc":{"start":{"line":6,"column":65},"end":{"line":10,"column":5}},"locations":[{"start":{"line":6,"column":65},"end":{"line":10,"column":5}}]},"2":{"type":"branch","line":10,"loc":{"start":{"line":10,"column":4},"end":{"line":17,"column":6}},"locations":[{"start":{"line":10,"column":4},"end":{"line":17,"column":6}}]},"3":{"type":"branch","line":17,"loc":{"start":{"line":17,"column":6},"end":{"line":43,"column":5}},"locations":[{"start":{"line":17,"column":6},"end":{"line":43,"column":5}}]},"4":{"type":"branch","line":18,"loc":{"start":{"line":18,"column":47},"end":{"line":29,"column":65}},"locations":[{"start":{"line":18,"column":47},"end":{"line":29,"column":65}}]},"5":{"type":"branch","line":29,"loc":{"start":{"line":29,"column":65},"end":{"line":43,"column":5}},"locations":[{"start":{"line":29,"column":65},"end":{"line":43,"column":5}}]}},"b":{"0":[6],"1":[1],"2":[5],"3":[4],"4":[2],"5":[1]},"fnMap":{},"f":{}}
}
