TN:
SF:src/index.js
FNF:0
FNH:0
DA:1,1
DA:2,1
DA:3,1
DA:4,1
DA:5,1
DA:6,1
DA:7,1
DA:8,1
DA:9,1
DA:10,1
DA:11,1
DA:12,1
DA:13,1
DA:14,1
DA:15,1
DA:16,1
DA:17,1
DA:18,1
DA:19,1
DA:20,1
DA:21,1
DA:22,1
DA:23,1
LF:23
LH:23
BRDA:4,0,0,1
BRF:1
BRH:1
end_of_record
TN:
SF:src/person.js
FN:3,validate
FN:9,format
FN:19,save
FN:27,process
FNF:4
FNH:4
FNDA:3,validate
FNDA:2,format
FNDA:2,save
FNDA:3,process
DA:1,1
DA:2,1
DA:3,1
DA:4,3
DA:5,3
DA:6,2
DA:7,2
DA:8,1
DA:9,1
DA:10,2
DA:11,2
DA:12,2
DA:13,2
DA:14,2
DA:15,2
DA:16,2
DA:17,2
DA:18,1
DA:19,1
DA:20,2
DA:21,1
DA:22,1
DA:23,1
DA:24,1
DA:25,1
DA:26,1
DA:27,1
DA:28,3
DA:29,3
DA:30,3
DA:31,3
DA:32,3
DA:33,3
DA:34,1
DA:35,1
DA:36,1
DA:37,1
DA:38,1
DA:39,1
DA:40,1
DA:41,1
LF:41
LH:41
BRDA:3,0,0,3
BRDA:4,1,0,0
BRDA:5,2,0,1
BRDA:6,3,0,2
BRDA:9,4,0,2
BRDA:19,5,0,2
BRDA:20,6,0,1
BRDA:20,7,0,6
BRDA:27,8,0,3
BRF:9
BRH:8
end_of_record
TN:
SF:src/server.js
FNF:0
FNH:0
DA:1,1
DA:2,1
DA:3,1
DA:4,1
DA:5,1
DA:6,4
DA:7,1
DA:8,1
DA:9,1
DA:10,1
DA:11,3
DA:12,3
DA:13,3
DA:14,3
DA:15,3
DA:16,3
DA:17,3
DA:18,3
DA:19,1
DA:20,1
DA:21,1
DA:22,1
DA:23,1
DA:24,1
DA:25,1
DA:26,1
DA:27,1
DA:28,2
DA:29,3
DA:30,1
DA:31,1
DA:32,1
DA:33,1
DA:34,1
DA:35,1
DA:36,1
DA:37,1
DA:38,1
DA:39,1
DA:40,1
DA:41,1
DA:42,1
DA:43,1
DA:44,4
DA:45,4
DA:46,1
DA:47,1
LF:47
LH:47
BRDA:5,0,0,4
BRDA:6,1,0,1
BRDA:10,2,0,3
BRDA:18,3,0,1
BRDA:27,4,0,2
BRDA:29,5,0,1
BRF:6
BRH:6
end_of_record
